<?xml version="1.0" encoding="UTF-8"?>
<!-- Generated by org.testng.reporters.JUnitXMLReporter -->
<testsuite ignored="0" hostname="Amritha" failures="0" tests="6" name="Extent_Report" time="0.147" errors="0" timestamp="2024-08-29T07:20:35 IST">
  <testcase classname="testscripts.Base" name="@BeforeMethod initializeMethod" time="-1.724896235448E9">
    <failure type="org.testng.TestNGException" message="
Parameter &amp;apos;Browser&amp;apos; is required by BeforeMethod on method initializeMethod but has not been marked @Optional or defined
in C:\Users\amrit\git\7rmartsupermarket\7rmartSupermarketLiveProject\ExtendReport.xml">
      <![CDATA[org.testng.TestNGException: 
Parameter 'Browser' is required by BeforeMethod on method initializeMethod but has not been marked @Optional or defined
in C:\Users\amrit\git\7rmartsupermarket\7rmartSupermarketLiveProject\ExtendReport.xml
at java.base/java.util.ArrayList.forEach(ArrayList.java:1511)
... Removed 28 stack frames]]>
    </failure>
  </testcase> <!-- @BeforeMethod initializeMethod -->
  <testcase classname="testscripts.Base" name="@AfterMethod afterMethod" time="0.0">
    <skipped/>
  </testcase> <!-- @AfterMethod afterMethod -->
  <testcase classname="testscripts.Base" name="@BeforeMethod initializeMethod" time="0.0">
    <skipped/>
  </testcase> <!-- @BeforeMethod initializeMethod -->
  <testcase classname="testscripts.Base" name="@AfterMethod afterMethod" time="0.0">
    <skipped/>
  </testcase> <!-- @AfterMethod afterMethod -->
  <testcase classname="testscripts.Base" name="@BeforeMethod initializeMethod" time="0.0">
    <skipped/>
  </testcase> <!-- @BeforeMethod initializeMethod -->
  <testcase classname="testscripts.Base" name="@AfterMethod afterMethod" time="0.0">
    <skipped/>
  </testcase> <!-- @AfterMethod afterMethod -->
  <testcase classname="testscripts.Base" name="@BeforeMethod initializeMethod" time="0.0">
    <skipped/>
  </testcase> <!-- @BeforeMethod initializeMethod -->
  <testcase classname="testscripts.Base" name="@AfterMethod afterMethod" time="0.0">
    <skipped/>
  </testcase> <!-- @AfterMethod afterMethod -->
  <testcase classname="testscripts.Base" name="@BeforeMethod initializeMethod" time="0.0">
    <skipped/>
  </testcase> <!-- @BeforeMethod initializeMethod -->
  <testcase classname="testscripts.Base" name="@AfterMethod afterMethod" time="0.0">
    <skipped/>
  </testcase> <!-- @AfterMethod afterMethod -->
  <testcase classname="testscripts.Base" name="@BeforeMethod initializeMethod" time="0.0">
    <skipped/>
  </testcase> <!-- @BeforeMethod initializeMethod -->
  <testcase classname="testscripts.Base" name="@AfterMethod afterMethod" time="0.0">
    <skipped/>
  </testcase> <!-- @AfterMethod afterMethod -->
  <testcase classname="testscripts.LoginPageTest" name="enterValidUsernameAndPassword" time="0.0">
    <skipped/>
  </testcase> <!-- enterValidUsernameAndPassword -->
  <testcase classname="testscripts.LoginPageTest" name="enterValidUsernameAndPassword" time="0.0">
    <skipped/>
  </testcase> <!-- enterValidUsernameAndPassword -->
  <testcase classname="testscripts.LoginPageTest" name="adminLogout" time="0.0">
    <skipped/>
  </testcase> <!-- adminLogout -->
  <testcase classname="testscripts.LoginPageTest" name="enterValidUsernameandinvalidPasword" time="0.0">
    <skipped/>
  </testcase> <!-- enterValidUsernameandinvalidPasword -->
  <testcase classname="testscripts.LoginPageTest" name="enterInvalidUserNameandValidPassword" time="0.0">
    <skipped/>
  </testcase> <!-- enterInvalidUserNameandValidPassword -->
  <testcase classname="testscripts.LoginPageTest" name="enteInvalidUserNameandPassword" time="0.0">
    <skipped/>
  </testcase> <!-- enteInvalidUserNameandPassword -->
</testsuite> <!-- Extent_Report -->
